2023-12-22T07:35:28.464Z [test] error: Status Code : undefined  - Error : Incorrect integer value: 'undefined' for column 'DayShiftID' at row 1
2023-12-22T08:01:46.730Z [test] error: Error fetching first query data: Incorrect DATE value: 'undefined-undefined-'
2023-12-22T08:01:48.389Z [test] error: Incorrect DATE value: 'undefined-undefined-'
2023-12-22T08:03:09.795Z [test] error: Incorrect DATETIME value: '22-12-2023 06:00:00'
2023-12-22T08:03:11.843Z [test] error: Incorrect DATETIME value: '22-12-2023 06:00:00'
2023-12-22T08:03:11.846Z [test] error: Incorrect DATETIME value: '22-12-2023 06:00:00'
2023-12-22T08:03:16.693Z [test] error: Error fetching first query data: Incorrect DATE value: 'undefined-undefined-'
2023-12-22T08:03:17.885Z [test] error: Incorrect DATETIME value: '18-12-2023 06:00:00'
2023-12-22T08:03:18.411Z [test] error: Incorrect DATE value: 'undefined-undefined-'
2023-12-22T08:03:18.427Z [test] error: Incorrect DATETIME value: '18-12-2023 06:00:00'
2023-12-22T08:03:18.672Z [test] error: Incorrect DATETIME value: '18-12-2023 06:00:00'
2023-12-22T08:03:18.676Z [test] error: Incorrect DATETIME value: '18-12-2023 06:00:00'
2023-12-22T08:03:20.379Z [test] error: Incorrect DATETIME value: '18-12-2023 12:00:00'
2023-12-22T08:03:20.381Z [test] error: Incorrect DATETIME value: '18-12-2023 12:00:00'
2023-12-22T08:03:22.298Z [test] error: Incorrect DATETIME value: '18-12-2023 14:00:00'
2023-12-22T08:03:22.345Z [test] error: Incorrect DATETIME value: '18-12-2023 14:00:00'
2023-12-22T08:03:23.738Z [test] error: Incorrect DATETIME value: '18-12-2023 22:00:00'
2023-12-22T08:03:23.740Z [test] error: Incorrect DATETIME value: '18-12-2023 22:00:00'
2023-12-22T08:03:25.349Z [test] error: Incorrect DATETIME value: '18-12-2023 06:00:00'
2023-12-22T08:03:25.352Z [test] error: Incorrect DATETIME value: '18-12-2023 06:00:00'
2023-12-22T08:03:29.048Z [test] error: Incorrect DATETIME value: '21-12-2023 06:00:00'
2023-12-22T08:03:29.098Z [test] error: Incorrect DATETIME value: '21-12-2023 06:00:00'
2023-12-22T08:03:37.433Z [test] error: Incorrect DATETIME value: '22-12-2023 06:00:00'
2023-12-22T08:03:37.465Z [test] error: Incorrect DATETIME value: '22-12-2023 06:00:00'
2023-12-22T08:03:50.392Z [test] error: Incorrect DATETIME value: '22-12-2023 06:00:00'
2023-12-22T08:03:50.404Z [test] error: Incorrect DATETIME value: '22-12-2023 06:00:00'
2023-12-22T08:04:13.266Z [test] error: Incorrect DATETIME value: '22-12-2023 06:00:00'
2023-12-22T08:04:13.268Z [test] error: Incorrect DATETIME value: '22-12-2023 06:00:00'
2023-12-22T08:07:16.339Z [test] error: Incorrect DATETIME value: '22-12-2023 06:00:00'
2023-12-22T08:07:16.345Z [test] error: Incorrect DATETIME value: '22-12-2023 06:00:00'
2023-12-22T08:07:40.365Z [test] error: Incorrect DATETIME value: '22-12-2023 06:00:00'
2023-12-22T08:07:40.372Z [test] error: Incorrect DATETIME value: '22-12-2023 06:00:00'
2023-12-22T08:08:40.097Z [test] error: Incorrect DATETIME value: 'undefined'
2023-12-22T08:08:40.100Z [test] error: Incorrect DATETIME value: 'undefined'
2023-12-22T08:08:55.627Z [test] error: Incorrect DATETIME value: 'undefined'
2023-12-22T08:08:55.630Z [test] error: Incorrect DATETIME value: 'undefined'
2023-12-22T08:23:59.440Z [test] error: Incorrect DATETIME value: 'undefined'
2023-12-22T08:23:59.443Z [test] error: Incorrect DATETIME value: 'undefined'
2023-12-22T08:25:04.034Z [test] error: Incorrect DATETIME value: 'undefined'
2023-12-22T08:25:04.038Z [test] error: Incorrect DATETIME value: 'undefined'
