2023-12-22T05:50:13.114Z [test] info: Login Success - akash1
2023-12-22T05:50:23.107Z [test] error: Error fetching first query data: Incorrect DATE value: 'undefined-undefined-'
2023-12-22T05:50:24.722Z [test] error: Incorrect DATE value: 'undefined-undefined-'
2023-12-22T05:51:41.723Z [test] error: Error fetching first query data: Incorrect DATE value: 'undefined-undefined-'
2023-12-22T05:51:43.626Z [test] error: Incorrect DATE value: 'undefined-undefined-'
2023-12-22T05:52:06.474Z [test] error: Error fetching first query data: Incorrect DATE value: 'undefined-undefined-'
2023-12-22T05:52:08.344Z [test] error: Incorrect DATE value: 'undefined-undefined-'
2023-12-22T05:52:52.177Z [test] info: listening on port 5006
2023-12-22T05:55:00.777Z [test] info: listening on port 5006
2023-12-22T05:58:30.450Z [test] info: listening on port 5006
2023-12-22T05:58:58.255Z [test] info: listening on port 5006
2023-12-22T05:59:28.442Z [test] info: listening on port 5006
2023-12-22T05:59:31.653Z [test] info: listening on port 5006
2023-12-22T06:01:05.566Z [test] info: listening on port 5006
2023-12-22T06:03:31.309Z [test] info: listening on port 5006
2023-12-22T06:06:07.320Z [test] info: listening on port 5006
2023-12-22T06:06:19.524Z [test] error: Error fetching first query data: Incorrect DATE value: 'undefined-undefined-'
2023-12-22T06:06:21.110Z [test] error: Incorrect DATE value: 'undefined-undefined-'
2023-12-22T06:06:32.440Z [test] error: Status Code : undefined  - Error : Incorrect integer value: 'undefined' for column 'DayShiftID' at row 1
2023-12-22T06:07:22.395Z [test] info: listening on port 5006
2023-12-22T06:08:34.147Z [test] info: listening on port 5006
2023-12-22T06:09:02.829Z [test] info: listening on port 5006
2023-12-22T06:15:19.358Z [test] info: listening on port 5006
2023-12-22T06:17:52.538Z [test] info: listening on port 5006
2023-12-22T06:19:11.544Z [test] info: listening on port 5006
2023-12-22T06:19:35.685Z [test] info: listening on port 5006
2023-12-22T06:19:56.069Z [test] error: Status Code : undefined  - Error : Incorrect integer value: 'undefined' for column 'DayShiftID' at row 1
2023-12-22T06:20:12.533Z [test] info: listening on port 5006
2023-12-22T06:20:14.257Z [test] error: Status Code : undefined  - Error : Incorrect integer value: 'undefined' for column 'DayShiftID' at row 1
2023-12-22T06:20:38.888Z [test] info: listening on port 5006
2023-12-22T06:20:39.202Z [test] error: Status Code : undefined  - Error : Incorrect integer value: 'undefined' for column 'DayShiftID' at row 1
2023-12-22T06:21:54.224Z [test] info: listening on port 5006
2023-12-22T06:21:58.382Z [test] info: listening on port 5006
2023-12-22T06:22:02.468Z [test] error: Status Code : undefined  - Error : Incorrect integer value: 'undefined' for column 'DayShiftID' at row 1
2023-12-22T06:22:27.924Z [test] info: listening on port 5006
2023-12-22T06:22:30.508Z [test] error: Status Code : undefined  - Error : Incorrect integer value: 'undefined' for column 'DayShiftID' at row 1
2023-12-22T06:26:46.374Z [test] info: listening on port 5006
2023-12-22T06:26:50.159Z [test] error: Status Code : undefined  - Error : getDayShiftIDs is not defined
