2023-12-22T06:31:43.863Z [test] info: listening on port 5006
2023-12-22T06:32:05.838Z [test] info: listening on port 5006
2023-12-22T06:37:12.963Z [test] info: listening on port 5006
2023-12-22T06:38:19.814Z [test] info: listening on port 5006
2023-12-22T06:52:02.296Z [test] info: listening on port 5006
2023-12-22T06:52:25.859Z [test] info: listening on port 5006
2023-12-22T06:52:28.029Z [test] info: listening on port 5006
2023-12-22T06:52:35.715Z [test] error: Status Code : undefined  - Error : Incorrect DATE value: '18/12/2023'
2023-12-22T06:52:49.251Z [test] info: listening on port 5006
2023-12-22T06:52:50.433Z [test] error: Status Code : undefined  - Error : Incorrect DATE value: '18/12/2023'
2023-12-22T06:59:46.069Z [test] info: listening on port 5006
2023-12-22T07:00:04.200Z [test] error: Status Code : undefined  - Error : Incorrect DATE value: '18/12/2023'
2023-12-22T07:02:11.985Z [test] info: listening on port 5006
2023-12-22T07:02:29.246Z [test] error: Status Code : undefined  - Error : Incorrect DATETIME value: 'undefined-undefined-2023-12-18'
2023-12-22T07:03:11.826Z [test] info: listening on port 5006
2023-12-22T07:03:17.852Z [test] error: Status Code : undefined  - Error : formattedShiftDate is not defined
2023-12-22T07:03:33.610Z [test] info: listening on port 5006
2023-12-22T07:03:34.454Z [test] error: Status Code : undefined  - Error : formattedShiftDate is not defined
2023-12-22T07:04:58.476Z [test] info: listening on port 5006
2023-12-22T07:05:05.419Z [test] error: Status Code : undefined  - Error : Incorrect DATETIME value: 'null'
2023-12-22T07:06:20.301Z [test] info: listening on port 5006
2023-12-22T07:06:36.937Z [test] info: listening on port 5006
2023-12-22T07:06:54.810Z [test] info: listening on port 5006
2023-12-22T07:07:34.479Z [test] info: listening on port 5006
2023-12-22T07:09:20.123Z [test] info: listening on port 5006
2023-12-22T07:09:45.788Z [test] info: listening on port 5006
2023-12-22T07:09:49.877Z [test] error: Status Code : undefined  - Error : Cannot access 'dateSplit' before initialization
2023-12-22T07:11:15.168Z [test] info: listening on port 5006
2023-12-22T07:11:18.819Z [test] info: listening on port 5006
2023-12-22T07:21:29.487Z [test] info: listening on port 5006
2023-12-22T07:21:37.247Z [test] error: Error fetching first query data: Incorrect DATE value: 'undefined-undefined-'
2023-12-22T07:21:38.807Z [test] error: Incorrect DATE value: 'undefined-undefined-'
2023-12-22T07:22:08.648Z [test] error: Error fetching first query data: Incorrect DATE value: 'undefined-undefined-'
2023-12-22T07:22:10.520Z [test] error: Incorrect DATE value: 'undefined-undefined-'
2023-12-22T07:23:09.062Z [test] info: listening on port 5006
2023-12-22T07:23:13.003Z [test] info: listening on port 5006
2023-12-22T07:23:19.026Z [test] info: listening on port 5006
2023-12-22T07:24:47.169Z [test] info: listening on port 5006
2023-12-22T07:25:13.686Z [test] error: Status Code : undefined  - Error : Incorrect integer value: 'undefined' for column 'DayShiftID' at row 1
2023-12-22T07:28:46.536Z [test] info: listening on port 5006
2023-12-22T07:28:50.798Z [test] error: Status Code : undefined  - Error : Incorrect integer value: 'undefined' for column 'DayShiftID' at row 1
2023-12-22T07:29:10.908Z [test] info: listening on port 5006
2023-12-22T07:29:12.341Z [test] error: Status Code : undefined  - Error : Incorrect integer value: 'undefined' for column 'DayShiftID' at row 1
