2024-05-28T06:36:04.614Z [test] error: Database error: Incorrect DATE value: 'undefined-undefined-'
2024-05-28T06:36:04.642Z [test] error: Status Code : undefined  - Error : Incorrect DATE value: 'undefined-undefined-'
2024-05-28T06:36:04.684Z [test] error: Error fetching first query data: Incorrect DATE value: 'undefined-undefined-'
2024-05-28T06:36:04.892Z [test] error: Incorrect DATE value: 'undefined-undefined-'
2024-05-28T06:49:50.484Z [test] info: listening on port 5006
2024-05-28T06:49:55.812Z [test] info: listening on port 5006
2024-05-28T06:50:00.482Z [test] info: listening on port 5006
2024-05-28T06:52:16.562Z [test] error: Database error: Incorrect DATE value: 'undefined-undefined-'
2024-05-28T06:52:16.570Z [test] error: Status Code : undefined  - Error : Incorrect DATE value: 'undefined-undefined-'
2024-05-28T06:52:16.586Z [test] error: Error fetching first query data: Incorrect DATE value: 'undefined-undefined-'
2024-05-28T06:52:16.867Z [test] error: Incorrect DATE value: 'undefined-undefined-'
2024-05-28T06:52:28.758Z [test] error: Error fetching first query data: Incorrect DATE value: 'undefined-undefined-'
2024-05-28T06:52:28.759Z [test] error: Database error: Incorrect DATE value: 'undefined-undefined-'
2024-05-28T06:52:28.762Z [test] error: Status Code : undefined  - Error : Incorrect DATE value: 'undefined-undefined-'
2024-05-28T06:52:28.772Z [test] error: Incorrect DATE value: 'undefined-undefined-'
2024-05-28T07:00:17.446Z [test] info: listening on port 5006
2024-05-28T07:13:04.590Z [test] info: listening on port 5006
2024-05-28T07:23:21.973Z [test] info: Login Success - adminuser
2024-05-28T07:23:25.813Z [test] error: Database error: Incorrect DATE value: 'undefined-undefined-'
2024-05-28T07:23:25.820Z [test] error: Status Code : undefined  - Error : Incorrect DATE value: 'undefined-undefined-'
2024-05-28T07:23:25.835Z [test] error: Error fetching first query data: Incorrect DATE value: 'undefined-undefined-'
2024-05-28T07:23:26.036Z [test] error: Incorrect DATE value: 'undefined-undefined-'
