2024-05-07T11:15:53.311Z [test] info: listening on port 5006
2024-05-07T11:17:04.514Z [test] error: Error updating machine LasWeld4 utilisation summary: Error: Incorrect integer value: '' for column 'LaserOn' at row 75230
2024-05-07T11:17:04.854Z [test] error: Error updating machine Bending V85 utilisation summary: Error: Incorrect integer value: 'null' for column 'LaserOn' at row 75231
2024-05-07T11:17:05.488Z [test] error: Error updating machine Laser 10 utilisation summary: Error: Incorrect integer value: 'null' for column 'LaserOn' at row 75233
2024-05-07T11:17:05.804Z [test] error: Error updating machine Laser 23 utilisation summary: Error: Incorrect integer value: 'null' for column 'LaserOn' at row 75234
2024-05-07T11:17:06.449Z [test] error: Error updating machine Laser 27 (3010) utilisation summary: Error: Incorrect integer value: 'null' for column 'LaserOn' at row 75236
2024-05-07T11:17:07.100Z [test] error: Error updating machine Bending V3200 utilisation summary: Error: Incorrect integer value: 'null' for column 'LaserOn' at row 75238
2024-05-07T11:17:07.414Z [test] error: Error updating machine Bending V50 utilisation summary: Error: Incorrect integer value: 'null' for column 'LaserOn' at row 75239
2024-05-07T11:17:07.722Z [test] error: Error updating machine Tig 400 utilisation summary: Error: Incorrect integer value: 'null' for column 'LaserOn' at row 75240
2024-05-07T11:17:08.034Z [test] error: Error updating machine Tig 160 utilisation summary: Error: Incorrect integer value: 'null' for column 'LaserOn' at row 75241
2024-05-07T11:17:08.364Z [test] error: Error updating machine Co2 250 utilisation summary: Error: Incorrect integer value: 'null' for column 'LaserOn' at row 75242
2024-05-07T11:17:08.690Z [test] error: Error updating machine L3DP1 utilisation summary: Error: Incorrect integer value: 'null' for column 'LaserOn' at row 75243
2024-05-07T11:17:09.013Z [test] error: Error updating machine Laser 31 utilisation summary: Error: Incorrect integer value: 'null' for column 'LaserOn' at row 75244
2024-05-07T11:17:09.649Z [test] error: Error updating machine Laser 35 utilisation summary: Error: Incorrect integer value: 'null' for column 'LaserOn' at row 75246
2024-05-07T11:17:09.975Z [test] error: Error updating machine Laser 34 utilisation summary: Error: Incorrect integer value: 'null' for column 'LaserOn' at row 75247
2024-05-07T11:17:10.303Z [test] error: Error updating machine Laser 38 utilisation summary: Error: Incorrect integer value: 'null' for column 'LaserOn' at row 75248
2024-05-07T11:17:10.631Z [test] error: Error updating machine Laser 41 utilisation summary: Error: Incorrect integer value: 'null' for column 'LaserOn' at row 75249
2024-05-07T11:17:10.945Z [test] error: Error updating machine Laser 39 utilisation summary: Error: Incorrect integer value: 'null' for column 'LaserOn' at row 75250
2024-05-07T11:17:11.268Z [test] error: Error updating machine LMS1 utilisation summary: Error: Incorrect integer value: 'null' for column 'LaserOn' at row 75251
2024-05-07T11:17:14.677Z [test] error: Error updating machine LasWeld4 utilisation summary: Error: Incorrect integer value: '' for column 'LaserOn' at row 75230
2024-05-07T11:17:15.000Z [test] error: Error updating machine Bending V85 utilisation summary: Error: Incorrect integer value: 'null' for column 'LaserOn' at row 75231
2024-05-07T11:17:15.646Z [test] error: Error updating machine Laser 10 utilisation summary: Error: Incorrect integer value: 'null' for column 'LaserOn' at row 75233
2024-05-07T11:17:15.970Z [test] error: Error updating machine Laser 23 utilisation summary: Error: Incorrect integer value: 'null' for column 'LaserOn' at row 75234
2024-05-07T11:17:16.597Z [test] error: Error updating machine Laser 27 (3010) utilisation summary: Error: Incorrect integer value: 'null' for column 'LaserOn' at row 75236
2024-05-07T11:17:17.239Z [test] error: Error updating machine Bending V3200 utilisation summary: Error: Incorrect integer value: 'null' for column 'LaserOn' at row 75238
2024-05-07T11:17:17.559Z [test] error: Error updating machine Bending V50 utilisation summary: Error: Incorrect integer value: 'null' for column 'LaserOn' at row 75239
2024-05-07T11:17:17.869Z [test] error: Error updating machine Tig 400 utilisation summary: Error: Incorrect integer value: 'null' for column 'LaserOn' at row 75240
2024-05-07T11:17:18.181Z [test] error: Error updating machine Tig 160 utilisation summary: Error: Incorrect integer value: 'null' for column 'LaserOn' at row 75241
2024-05-07T11:17:18.513Z [test] error: Error updating machine Co2 250 utilisation summary: Error: Incorrect integer value: 'null' for column 'LaserOn' at row 75242
2024-05-07T11:17:18.854Z [test] error: Error updating machine L3DP1 utilisation summary: Error: Incorrect integer value: 'null' for column 'LaserOn' at row 75243
2024-05-07T11:17:19.174Z [test] error: Error updating machine Laser 31 utilisation summary: Error: Incorrect integer value: 'null' for column 'LaserOn' at row 75244
2024-05-07T11:17:19.825Z [test] error: Error updating machine Laser 35 utilisation summary: Error: Incorrect integer value: 'null' for column 'LaserOn' at row 75246
2024-05-07T11:17:20.133Z [test] error: Error updating machine Laser 34 utilisation summary: Error: Incorrect integer value: 'null' for column 'LaserOn' at row 75247
2024-05-07T11:17:20.459Z [test] error: Error updating machine Laser 38 utilisation summary: Error: Incorrect integer value: 'null' for column 'LaserOn' at row 75248
2024-05-07T11:17:20.781Z [test] error: Error updating machine Laser 41 utilisation summary: Error: Incorrect integer value: 'null' for column 'LaserOn' at row 75249
2024-05-07T11:17:21.114Z [test] error: Error updating machine Laser 39 utilisation summary: Error: Incorrect integer value: 'null' for column 'LaserOn' at row 75250
2024-05-07T11:17:21.447Z [test] error: Error updating machine LMS1 utilisation summary: Error: Incorrect integer value: 'null' for column 'LaserOn' at row 75251
2024-05-07T11:18:20.113Z [test] info: listening on port 5006
2024-05-07T11:18:44.486Z [test] info: listening on port 5006
2024-05-07T11:18:54.383Z [test] error: Error updating machine LasWeld4 utilisation summary: Error: Incorrect integer value: '' for column 'LaserOn' at row 75230
2024-05-07T11:18:54.699Z [test] error: Error updating machine Bending V85 utilisation summary: Error: Incorrect integer value: 'null' for column 'LaserOn' at row 75231
2024-05-07T11:18:55.311Z [test] error: Error updating machine Laser 10 utilisation summary: Error: Incorrect integer value: 'null' for column 'LaserOn' at row 75233
2024-05-07T11:18:55.637Z [test] error: Error updating machine Laser 23 utilisation summary: Error: Incorrect integer value: 'null' for column 'LaserOn' at row 75234
2024-05-07T11:18:56.271Z [test] error: Error updating machine Laser 27 (3010) utilisation summary: Error: Incorrect integer value: 'null' for column 'LaserOn' at row 75236
2024-05-07T11:18:56.906Z [test] error: Error updating machine Bending V3200 utilisation summary: Error: Incorrect integer value: 'null' for column 'LaserOn' at row 75238
2024-05-07T11:18:57.248Z [test] error: Error updating machine Bending V50 utilisation summary: Error: Incorrect integer value: 'null' for column 'LaserOn' at row 75239
2024-05-07T11:18:57.579Z [test] error: Error updating machine Tig 400 utilisation summary: Error: Incorrect integer value: 'null' for column 'LaserOn' at row 75240
2024-05-07T11:18:57.901Z [test] error: Error updating machine Tig 160 utilisation summary: Error: Incorrect integer value: 'null' for column 'LaserOn' at row 75241
2024-05-07T11:18:58.226Z [test] error: Error updating machine Co2 250 utilisation summary: Error: Incorrect integer value: 'null' for column 'LaserOn' at row 75242
2024-05-07T11:18:58.602Z [test] error: Error updating machine L3DP1 utilisation summary: Error: Incorrect integer value: 'null' for column 'LaserOn' at row 75243
2024-05-07T11:18:58.913Z [test] error: Error updating machine Laser 31 utilisation summary: Error: Incorrect integer value: 'null' for column 'LaserOn' at row 75244
2024-05-07T11:18:59.521Z [test] error: Error updating machine Laser 35 utilisation summary: Error: Incorrect integer value: 'null' for column 'LaserOn' at row 75246
2024-05-07T11:18:59.831Z [test] error: Error updating machine Laser 34 utilisation summary: Error: Incorrect integer value: 'null' for column 'LaserOn' at row 75247
2024-05-07T11:19:00.145Z [test] error: Error updating machine Laser 38 utilisation summary: Error: Incorrect integer value: 'null' for column 'LaserOn' at row 75248
2024-05-07T11:19:00.466Z [test] error: Error updating machine Laser 41 utilisation summary: Error: Incorrect integer value: 'null' for column 'LaserOn' at row 75249
2024-05-07T11:19:00.776Z [test] error: Error updating machine Laser 39 utilisation summary: Error: Incorrect integer value: 'null' for column 'LaserOn' at row 75250
2024-05-07T11:19:01.086Z [test] error: Error updating machine LMS1 utilisation summary: Error: Incorrect integer value: 'null' for column 'LaserOn' at row 75251
2024-05-07T11:20:23.535Z [test] info: listening on port 5006
2024-05-07T11:20:40.525Z [test] error: Error updating machine Bending V85 utilisation summary: Error: Incorrect integer value: 'null' for column 'LaserOn' at row 75231
2024-05-07T11:20:41.289Z [test] error: Error updating machine Laser 10 utilisation summary: Error: Incorrect integer value: 'null' for column 'LaserOn' at row 75233
2024-05-07T11:20:41.609Z [test] error: Error updating machine Laser 23 utilisation summary: Error: Incorrect integer value: 'null' for column 'LaserOn' at row 75234
2024-05-07T11:20:42.262Z [test] error: Error updating machine Laser 27 (3010) utilisation summary: Error: Incorrect integer value: 'null' for column 'LaserOn' at row 75236
2024-05-07T11:20:42.980Z [test] error: Error updating machine Bending V3200 utilisation summary: Error: Incorrect integer value: 'null' for column 'LaserOn' at row 75238
2024-05-07T11:20:43.295Z [test] error: Error updating machine Bending V50 utilisation summary: Error: Incorrect integer value: 'null' for column 'LaserOn' at row 75239
2024-05-07T11:20:43.636Z [test] error: Error updating machine Tig 400 utilisation summary: Error: Incorrect integer value: 'null' for column 'LaserOn' at row 75240
2024-05-07T11:20:43.955Z [test] error: Error updating machine Tig 160 utilisation summary: Error: Incorrect integer value: 'null' for column 'LaserOn' at row 75241
2024-05-07T11:20:44.269Z [test] error: Error updating machine Co2 250 utilisation summary: Error: Incorrect integer value: 'null' for column 'LaserOn' at row 75242
2024-05-07T11:20:44.600Z [test] error: Error updating machine L3DP1 utilisation summary: Error: Incorrect integer value: 'null' for column 'LaserOn' at row 75243
2024-05-07T11:20:44.916Z [test] error: Error updating machine Laser 31 utilisation summary: Error: Incorrect integer value: 'null' for column 'LaserOn' at row 75244
2024-05-07T11:20:45.563Z [test] error: Error updating machine Laser 35 utilisation summary: Error: Incorrect integer value: 'null' for column 'LaserOn' at row 75246
2024-05-07T11:20:45.880Z [test] error: Error updating machine Laser 34 utilisation summary: Error: Incorrect integer value: 'null' for column 'LaserOn' at row 75247
2024-05-07T11:20:46.222Z [test] error: Error updating machine Laser 38 utilisation summary: Error: Incorrect integer value: 'null' for column 'LaserOn' at row 75248
2024-05-07T11:20:46.557Z [test] error: Error updating machine Laser 41 utilisation summary: Error: Incorrect integer value: 'null' for column 'LaserOn' at row 75249
2024-05-07T11:20:46.901Z [test] error: Error updating machine Laser 39 utilisation summary: Error: Incorrect integer value: 'null' for column 'LaserOn' at row 75250
2024-05-07T11:20:47.230Z [test] error: Error updating machine LMS1 utilisation summary: Error: Incorrect integer value: 'null' for column 'LaserOn' at row 75251
2024-05-07T11:22:40.165Z [test] info: listening on port 5006
2024-05-07T11:22:52.858Z [test] error: Error updating machine Bending V85 utilisation summary: Error: Incorrect integer value: 'null' for column 'LaserOn' at row 75231
2024-05-07T11:22:53.597Z [test] error: Error updating machine Laser 10 utilisation summary: Error: Incorrect integer value: 'null' for column 'LaserOn' at row 75233
2024-05-07T11:22:53.995Z [test] error: Error updating machine Laser 23 utilisation summary: Error: Incorrect integer value: 'null' for column 'LaserOn' at row 75234
2024-05-07T11:22:54.803Z [test] error: Error updating machine Laser 27 (3010) utilisation summary: Error: Incorrect integer value: 'null' for column 'LaserOn' at row 75236
2024-05-07T11:22:55.581Z [test] error: Error updating machine Bending V3200 utilisation summary: Error: Incorrect integer value: 'null' for column 'LaserOn' at row 75238
2024-05-07T11:22:55.934Z [test] error: Error updating machine Bending V50 utilisation summary: Error: Incorrect integer value: 'null' for column 'LaserOn' at row 75239
2024-05-07T11:22:56.254Z [test] error: Error updating machine Tig 400 utilisation summary: Error: Incorrect integer value: 'null' for column 'LaserOn' at row 75240
2024-05-07T11:22:56.571Z [test] error: Error updating machine Tig 160 utilisation summary: Error: Incorrect integer value: 'null' for column 'LaserOn' at row 75241
2024-05-07T11:22:56.883Z [test] error: Error updating machine Co2 250 utilisation summary: Error: Incorrect integer value: 'null' for column 'LaserOn' at row 75242
2024-05-07T11:22:57.207Z [test] error: Error updating machine L3DP1 utilisation summary: Error: Incorrect integer value: 'null' for column 'LaserOn' at row 75243
2024-05-07T11:22:57.535Z [test] error: Error updating machine Laser 31 utilisation summary: Error: Incorrect integer value: 'null' for column 'LaserOn' at row 75244
2024-05-07T11:22:58.167Z [test] error: Error updating machine Laser 35 utilisation summary: Error: Incorrect integer value: 'null' for column 'LaserOn' at row 75246
2024-05-07T11:22:58.471Z [test] error: Error updating machine Laser 34 utilisation summary: Error: Incorrect integer value: 'null' for column 'LaserOn' at row 75247
2024-05-07T11:22:58.788Z [test] error: Error updating machine Laser 38 utilisation summary: Error: Incorrect integer value: 'null' for column 'LaserOn' at row 75248
2024-05-07T11:22:59.095Z [test] error: Error updating machine Laser 41 utilisation summary: Error: Incorrect integer value: 'null' for column 'LaserOn' at row 75249
2024-05-07T11:22:59.397Z [test] error: Error updating machine Laser 39 utilisation summary: Error: Incorrect integer value: 'null' for column 'LaserOn' at row 75250
2024-05-07T11:22:59.703Z [test] error: Error updating machine LMS1 utilisation summary: Error: Incorrect integer value: 'null' for column 'LaserOn' at row 75251
2024-05-07T11:23:59.084Z [test] info: listening on port 5006
2024-05-07T11:24:04.731Z [test] info: listening on port 5006
2024-05-07T11:24:09.156Z [test] error: Error updating machine Bending V85 utilisation summary: Error: Incorrect integer value: 'null' for column 'LaserOn' at row 75231
2024-05-07T11:24:09.779Z [test] error: Error updating machine Laser 10 utilisation summary: Error: Incorrect integer value: 'null' for column 'LaserOn' at row 75233
2024-05-07T11:24:10.087Z [test] error: Error updating machine Laser 23 utilisation summary: Error: Incorrect integer value: 'null' for column 'LaserOn' at row 75234
2024-05-07T11:24:10.722Z [test] error: Error updating machine Laser 27 (3010) utilisation summary: Error: Incorrect integer value: 'null' for column 'LaserOn' at row 75236
2024-05-07T11:24:11.359Z [test] error: Error updating machine Bending V3200 utilisation summary: Error: Incorrect integer value: 'null' for column 'LaserOn' at row 75238
2024-05-07T11:24:11.685Z [test] error: Error updating machine Bending V50 utilisation summary: Error: Incorrect integer value: 'null' for column 'LaserOn' at row 75239
2024-05-07T11:24:12.003Z [test] error: Error updating machine Tig 400 utilisation summary: Error: Incorrect integer value: 'null' for column 'LaserOn' at row 75240
2024-05-07T11:24:12.326Z [test] error: Error updating machine Tig 160 utilisation summary: Error: Incorrect integer value: 'null' for column 'LaserOn' at row 75241
2024-05-07T11:24:12.638Z [test] error: Error updating machine Co2 250 utilisation summary: Error: Incorrect integer value: 'null' for column 'LaserOn' at row 75242
2024-05-07T11:24:12.945Z [test] error: Error updating machine L3DP1 utilisation summary: Error: Incorrect integer value: 'null' for column 'LaserOn' at row 75243
2024-05-07T11:24:13.270Z [test] error: Error updating machine Laser 31 utilisation summary: Error: Incorrect integer value: 'null' for column 'LaserOn' at row 75244
2024-05-07T11:24:13.902Z [test] error: Error updating machine Laser 35 utilisation summary: Error: Incorrect integer value: 'null' for column 'LaserOn' at row 75246
2024-05-07T11:24:14.219Z [test] error: Error updating machine Laser 34 utilisation summary: Error: Incorrect integer value: 'null' for column 'LaserOn' at row 75247
2024-05-07T11:24:14.528Z [test] error: Error updating machine Laser 38 utilisation summary: Error: Incorrect integer value: 'null' for column 'LaserOn' at row 75248
2024-05-07T11:24:14.832Z [test] error: Error updating machine Laser 41 utilisation summary: Error: Incorrect integer value: 'null' for column 'LaserOn' at row 75249
2024-05-07T11:24:15.152Z [test] error: Error updating machine Laser 39 utilisation summary: Error: Incorrect integer value: 'null' for column 'LaserOn' at row 75250
2024-05-07T11:24:15.470Z [test] error: Error updating machine LMS1 utilisation summary: Error: Incorrect integer value: 'null' for column 'LaserOn' at row 75251
2024-05-07T11:24:56.999Z [test] error: Error updating machine Bending V85 utilisation summary: Error: Incorrect integer value: 'null' for column 'LaserOn' at row 75231
2024-05-07T11:24:57.628Z [test] error: Error updating machine Laser 10 utilisation summary: Error: Incorrect integer value: 'null' for column 'LaserOn' at row 75233
2024-05-07T11:24:57.945Z [test] error: Error updating machine Laser 23 utilisation summary: Error: Incorrect integer value: 'null' for column 'LaserOn' at row 75234
2024-05-07T11:24:58.570Z [test] error: Error updating machine Laser 27 (3010) utilisation summary: Error: Incorrect integer value: 'null' for column 'LaserOn' at row 75236
2024-05-07T11:24:59.195Z [test] error: Error updating machine Bending V3200 utilisation summary: Error: Incorrect integer value: 'null' for column 'LaserOn' at row 75238
2024-05-07T11:24:59.510Z [test] error: Error updating machine Bending V50 utilisation summary: Error: Incorrect integer value: 'null' for column 'LaserOn' at row 75239
2024-05-07T11:24:59.830Z [test] error: Error updating machine Tig 400 utilisation summary: Error: Incorrect integer value: 'null' for column 'LaserOn' at row 75240
2024-05-07T11:25:00.163Z [test] error: Error updating machine Tig 160 utilisation summary: Error: Incorrect integer value: 'null' for column 'LaserOn' at row 75241
2024-05-07T11:25:00.487Z [test] error: Error updating machine Co2 250 utilisation summary: Error: Incorrect integer value: 'null' for column 'LaserOn' at row 75242
2024-05-07T11:25:00.798Z [test] error: Error updating machine L3DP1 utilisation summary: Error: Incorrect integer value: 'null' for column 'LaserOn' at row 75243
2024-05-07T11:25:01.123Z [test] error: Error updating machine Laser 31 utilisation summary: Error: Incorrect integer value: 'null' for column 'LaserOn' at row 75244
2024-05-07T11:25:01.775Z [test] error: Error updating machine Laser 35 utilisation summary: Error: Incorrect integer value: 'null' for column 'LaserOn' at row 75246
2024-05-07T11:25:02.097Z [test] error: Error updating machine Laser 34 utilisation summary: Error: Incorrect integer value: 'null' for column 'LaserOn' at row 75247
2024-05-07T11:25:02.403Z [test] error: Error updating machine Laser 38 utilisation summary: Error: Incorrect integer value: 'null' for column 'LaserOn' at row 75248
2024-05-07T11:25:02.719Z [test] error: Error updating machine Laser 41 utilisation summary: Error: Incorrect integer value: 'null' for column 'LaserOn' at row 75249
2024-05-07T11:25:03.036Z [test] error: Error updating machine Laser 39 utilisation summary: Error: Incorrect integer value: 'null' for column 'LaserOn' at row 75250
2024-05-07T11:25:03.349Z [test] error: Error updating machine LMS1 utilisation summary: Error: Incorrect integer value: 'null' for column 'LaserOn' at row 75251
2024-05-07T11:25:22.319Z [test] error: Error updating machine Bending V85 utilisation summary: Error: Incorrect integer value: 'null' for column 'LaserOn' at row 75231
2024-05-07T11:25:23.055Z [test] error: Error updating machine Laser 10 utilisation summary: Error: Incorrect integer value: 'null' for column 'LaserOn' at row 75233
2024-05-07T11:25:23.431Z [test] error: Error updating machine Laser 23 utilisation summary: Error: Incorrect integer value: 'null' for column 'LaserOn' at row 75234
2024-05-07T11:25:24.200Z [test] error: Error updating machine Laser 27 (3010) utilisation summary: Error: Incorrect integer value: 'null' for column 'LaserOn' at row 75236
2024-05-07T11:25:24.945Z [test] error: Error updating machine Bending V3200 utilisation summary: Error: Incorrect integer value: 'null' for column 'LaserOn' at row 75238
2024-05-07T11:25:25.308Z [test] error: Error updating machine Bending V50 utilisation summary: Error: Incorrect integer value: 'null' for column 'LaserOn' at row 75239
2024-05-07T11:25:25.692Z [test] error: Error updating machine Tig 400 utilisation summary: Error: Incorrect integer value: 'null' for column 'LaserOn' at row 75240
2024-05-07T11:25:26.079Z [test] error: Error updating machine Tig 160 utilisation summary: Error: Incorrect integer value: 'null' for column 'LaserOn' at row 75241
2024-05-07T11:25:26.452Z [test] error: Error updating machine Co2 250 utilisation summary: Error: Incorrect integer value: 'null' for column 'LaserOn' at row 75242
2024-05-07T11:25:26.830Z [test] error: Error updating machine L3DP1 utilisation summary: Error: Incorrect integer value: 'null' for column 'LaserOn' at row 75243
2024-05-07T11:25:27.159Z [test] error: Error updating machine Laser 31 utilisation summary: Error: Incorrect integer value: 'null' for column 'LaserOn' at row 75244
2024-05-07T11:25:27.797Z [test] error: Error updating machine Laser 35 utilisation summary: Error: Incorrect integer value: 'null' for column 'LaserOn' at row 75246
2024-05-07T11:25:28.111Z [test] error: Error updating machine Laser 34 utilisation summary: Error: Incorrect integer value: 'null' for column 'LaserOn' at row 75247
2024-05-07T11:25:28.432Z [test] error: Error updating machine Laser 38 utilisation summary: Error: Incorrect integer value: 'null' for column 'LaserOn' at row 75248
2024-05-07T11:25:28.749Z [test] error: Error updating machine Laser 41 utilisation summary: Error: Incorrect integer value: 'null' for column 'LaserOn' at row 75249
2024-05-07T11:25:29.070Z [test] error: Error updating machine Laser 39 utilisation summary: Error: Incorrect integer value: 'null' for column 'LaserOn' at row 75250
2024-05-07T11:25:29.379Z [test] error: Error updating machine LMS1 utilisation summary: Error: Incorrect integer value: 'null' for column 'LaserOn' at row 75251
2024-05-07T11:25:42.436Z [test] error: Error updating machine Bending V85 utilisation summary: Error: Incorrect integer value: 'null' for column 'LaserOn' at row 75231
2024-05-07T11:25:43.087Z [test] error: Error updating machine Laser 10 utilisation summary: Error: Incorrect integer value: 'null' for column 'LaserOn' at row 75233
2024-05-07T11:25:43.388Z [test] error: Error updating machine Laser 23 utilisation summary: Error: Incorrect integer value: 'null' for column 'LaserOn' at row 75234
2024-05-07T11:25:44.024Z [test] error: Error updating machine Laser 27 (3010) utilisation summary: Error: Incorrect integer value: 'null' for column 'LaserOn' at row 75236
2024-05-07T11:25:44.638Z [test] error: Error updating machine Bending V3200 utilisation summary: Error: Incorrect integer value: 'null' for column 'LaserOn' at row 75238
2024-05-07T11:25:44.947Z [test] error: Error updating machine Bending V50 utilisation summary: Error: Incorrect integer value: 'null' for column 'LaserOn' at row 75239
2024-05-07T11:25:45.273Z [test] error: Error updating machine Tig 400 utilisation summary: Error: Incorrect integer value: 'null' for column 'LaserOn' at row 75240
2024-05-07T11:25:45.591Z [test] error: Error updating machine Tig 160 utilisation summary: Error: Incorrect integer value: 'null' for column 'LaserOn' at row 75241
2024-05-07T11:25:45.909Z [test] error: Error updating machine Co2 250 utilisation summary: Error: Incorrect integer value: 'null' for column 'LaserOn' at row 75242
2024-05-07T11:25:46.225Z [test] error: Error updating machine L3DP1 utilisation summary: Error: Incorrect integer value: 'null' for column 'LaserOn' at row 75243
2024-05-07T11:25:46.520Z [test] error: Error updating machine Laser 31 utilisation summary: Error: Incorrect integer value: 'null' for column 'LaserOn' at row 75244
2024-05-07T11:25:47.146Z [test] error: Error updating machine Laser 35 utilisation summary: Error: Incorrect integer value: 'null' for column 'LaserOn' at row 75246
2024-05-07T11:25:47.471Z [test] error: Error updating machine Laser 34 utilisation summary: Error: Incorrect integer value: 'null' for column 'LaserOn' at row 75247
2024-05-07T11:25:47.774Z [test] error: Error updating machine Laser 38 utilisation summary: Error: Incorrect integer value: 'null' for column 'LaserOn' at row 75248
2024-05-07T11:25:48.101Z [test] error: Error updating machine Laser 41 utilisation summary: Error: Incorrect integer value: 'null' for column 'LaserOn' at row 75249
2024-05-07T11:25:48.417Z [test] error: Error updating machine Laser 39 utilisation summary: Error: Incorrect integer value: 'null' for column 'LaserOn' at row 75250
2024-05-07T11:25:48.728Z [test] error: Error updating machine LMS1 utilisation summary: Error: Incorrect integer value: 'null' for column 'LaserOn' at row 75251
2024-05-07T11:27:19.025Z [test] info: listening on port 5006
2024-05-07T11:27:39.447Z [test] error: Error updating machine Bending V85 utilisation summary: Error: Incorrect integer value: 'null' for column 'LaserOn' at row 75231
2024-05-07T11:27:40.200Z [test] error: Error updating machine Laser 10 utilisation summary: Error: Incorrect integer value: 'null' for column 'LaserOn' at row 75233
2024-05-07T11:27:40.590Z [test] error: Error updating machine Laser 23 utilisation summary: Error: Incorrect integer value: 'null' for column 'LaserOn' at row 75234
2024-05-07T11:27:41.334Z [test] error: Error updating machine Laser 27 (3010) utilisation summary: Error: Incorrect integer value: 'null' for column 'LaserOn' at row 75236
2024-05-07T11:27:42.084Z [test] error: Error updating machine Bending V3200 utilisation summary: Error: Incorrect integer value: 'null' for column 'LaserOn' at row 75238
2024-05-07T11:27:42.447Z [test] error: Error updating machine Bending V50 utilisation summary: Error: Incorrect integer value: 'null' for column 'LaserOn' at row 75239
2024-05-07T11:27:42.848Z [test] error: Error updating machine Tig 400 utilisation summary: Error: Incorrect integer value: 'null' for column 'LaserOn' at row 75240
2024-05-07T11:27:43.237Z [test] error: Error updating machine Tig 160 utilisation summary: Error: Incorrect integer value: 'null' for column 'LaserOn' at row 75241
2024-05-07T11:27:43.623Z [test] error: Error updating machine Co2 250 utilisation summary: Error: Incorrect integer value: 'null' for column 'LaserOn' at row 75242
2024-05-07T11:27:43.994Z [test] error: Error updating machine L3DP1 utilisation summary: Error: Incorrect integer value: 'null' for column 'LaserOn' at row 75243
2024-05-07T11:27:44.327Z [test] error: Error updating machine Laser 31 utilisation summary: Error: Incorrect integer value: 'null' for column 'LaserOn' at row 75244
2024-05-07T11:27:44.981Z [test] error: Error updating machine Laser 35 utilisation summary: Error: Incorrect integer value: 'null' for column 'LaserOn' at row 75246
2024-05-07T11:27:45.297Z [test] error: Error updating machine Laser 34 utilisation summary: Error: Incorrect integer value: 'null' for column 'LaserOn' at row 75247
2024-05-07T11:27:45.615Z [test] error: Error updating machine Laser 38 utilisation summary: Error: Incorrect integer value: 'null' for column 'LaserOn' at row 75248
2024-05-07T11:27:45.944Z [test] error: Error updating machine Laser 41 utilisation summary: Error: Incorrect integer value: 'null' for column 'LaserOn' at row 75249
2024-05-07T11:27:46.273Z [test] error: Error updating machine Laser 39 utilisation summary: Error: Incorrect integer value: 'null' for column 'LaserOn' at row 75250
2024-05-07T11:27:46.590Z [test] error: Error updating machine LMS1 utilisation summary: Error: Incorrect integer value: 'null' for column 'LaserOn' at row 75251
