2023-12-15T11:35:31.589Z [test] error: Error fetching first query data: Incorrect DATE value: 'undefined-undefined-'
2023-12-15T11:35:32.835Z [test] error: Incorrect DATE value: 'undefined-undefined-'
2023-12-15T11:37:31.646Z [test] error: Error fetching first query data: Incorrect DATE value: 'undefined-undefined-'
2023-12-15T11:37:32.897Z [test] error: Incorrect DATE value: 'undefined-undefined-'
2023-12-15T11:37:33.514Z [test] error: Error fetching first query data: Incorrect DATE value: 'undefined-undefined-'
2023-12-15T11:37:34.863Z [test] error: Incorrect DATE value: 'undefined-undefined-'
2023-12-15T11:37:42.880Z [test] info: listening on port 5006
2023-12-15T11:38:02.347Z [test] info: listening on port 5006
2023-12-15T11:38:07.211Z [test] error: Error fetching first query data: Incorrect DATE value: 'undefined-undefined-'
2023-12-15T11:38:08.265Z [test] error: Incorrect DATE value: 'undefined-undefined-'
2023-12-15T11:38:17.085Z [test] error: Error fetching first query data: Incorrect DATE value: 'undefined-undefined-'
2023-12-15T11:38:18.182Z [test] error: Incorrect DATE value: 'undefined-undefined-'
2023-12-15T11:39:27.691Z [test] error: Error fetching first query data: Incorrect DATE value: 'undefined-undefined-'
2023-12-15T11:39:27.893Z [test] error: Incorrect DATE value: 'undefined-undefined-'
2023-12-15T11:40:14.011Z [test] error: Error fetching first query data: Incorrect DATE value: 'undefined-undefined-'
2023-12-15T11:40:15.134Z [test] error: Incorrect DATE value: 'undefined-undefined-'
2023-12-15T11:40:40.064Z [test] error: Status Code : undefined  - Error : shift is not defined
2023-12-15T11:41:09.678Z [test] error: Error fetching first query data: Incorrect DATE value: 'undefined-undefined-'
2023-12-15T11:41:09.878Z [test] error: Incorrect DATE value: 'undefined-undefined-'
2023-12-15T11:41:35.824Z [test] error: Status Code : undefined  - Error : shift is not defined
2023-12-15T11:43:09.202Z [test] error: Error fetching first query data: Incorrect DATE value: 'undefined-undefined-'
2023-12-15T11:43:09.664Z [test] error: Incorrect DATE value: 'undefined-undefined-'
2023-12-15T11:43:53.875Z [test] info: listening on port 5006
2023-12-15T11:43:58.398Z [test] error: Status Code : undefined  - Error : shift is not defined
2023-12-15T11:45:32.480Z [test] error: Status Code : undefined  - Error : shift is not defined
2023-12-15T11:45:47.977Z [test] info: listening on port 5006
2023-12-15T11:48:34.783Z [test] info: listening on port 5006
2023-12-15T11:48:54.898Z [test] info: listening on port 5006
2023-12-15T11:49:37.308Z [test] error: Error fetching first query data: Incorrect DATE value: 'undefined-undefined-'
2023-12-15T11:49:37.573Z [test] error: Incorrect DATE value: 'undefined-undefined-'
2023-12-15T11:50:00.279Z [test] error: Status Code : undefined  - Error : shift is not defined
2023-12-15T11:50:05.906Z [test] info: listening on port 5006
2023-12-15T11:50:13.401Z [test] info: listening on port 5006
2023-12-15T11:51:06.579Z [test] info: listening on port 5006
2023-12-15T11:51:25.206Z [test] error: Status Code : undefined  - Error : Cannot destructure property 'ShiftDate' of 'req.body' as it is undefined.
2023-12-15T11:51:48.190Z [test] info: listening on port 5006
2023-12-15T11:52:14.524Z [test] error: Error fetching first query data: Incorrect DATE value: 'undefined-undefined-'
2023-12-15T11:52:15.633Z [test] error: Incorrect DATE value: 'undefined-undefined-'
2023-12-15T11:52:20.691Z [test] error: Error fetching first query data: Incorrect DATE value: 'undefined-undefined-'
2023-12-15T11:52:20.968Z [test] error: Incorrect DATE value: 'undefined-undefined-'
2023-12-15T11:52:21.952Z [test] error: Status Code : undefined  - Error : Cannot destructure property 'ShiftDate' of 'req.body' as it is undefined.
2023-12-15T11:53:01.685Z [test] error: Error fetching first query data: Incorrect DATE value: 'undefined-undefined-'
2023-12-15T11:53:01.852Z [test] error: Incorrect DATE value: 'undefined-undefined-'
2023-12-15T11:53:12.701Z [test] error: Error fetching first query data: Incorrect DATE value: 'undefined-undefined-'
2023-12-15T11:53:13.616Z [test] info: listening on port 5006
2023-12-15T11:53:14.999Z [test] error: Incorrect DATE value: 'undefined-undefined-'
2023-12-15T11:53:17.708Z [test] error: Status Code : undefined  - Error : Cannot destructure property 'ShiftDate' of 'req.body' as it is undefined.
2023-12-15T11:53:33.973Z [test] info: listening on port 5006
2023-12-15T11:53:37.051Z [test] error: Status Code : undefined  - Error : Cannot destructure property 'ShiftDate' of 'req.body' as it is undefined.
2023-12-15T11:53:45.626Z [test] error: Error fetching first query data: Incorrect DATE value: 'undefined-undefined-'
2023-12-15T11:53:46.697Z [test] error: Incorrect DATE value: 'undefined-undefined-'
2023-12-15T11:54:40.790Z [test] info: listening on port 5006
2023-12-15T11:54:44.873Z [test] error: Status Code : undefined  - Error : Cannot destructure property 'ShiftDate' of 'req.body' as it is undefined.
2023-12-15T11:56:11.453Z [test] error: Status Code : undefined  - Error : Cannot destructure property 'ShiftDate' of 'req.body' as it is undefined.
2023-12-15T11:56:35.789Z [test] info: listening on port 5006
2023-12-15T11:56:56.226Z [test] info: listening on port 5006
2023-12-15T11:57:15.597Z [test] info: listening on port 5006
2023-12-15T11:58:39.721Z [test] error: Error fetching first query data: Incorrect DATE value: 'undefined-undefined-'
2023-12-15T11:58:40.966Z [test] error: Incorrect DATE value: 'undefined-undefined-'
2023-12-15T11:58:44.324Z [test] error: Error fetching first query data: Incorrect DATE value: 'undefined-undefined-'
2023-12-15T11:58:45.492Z [test] error: Incorrect DATE value: 'undefined-undefined-'
2023-12-15T11:58:55.072Z [test] error: Error fetching first query data: Incorrect DATE value: 'undefined-undefined-'
2023-12-15T11:58:56.420Z [test] error: Incorrect DATE value: 'undefined-undefined-'
2023-12-15T11:59:10.706Z [test] error: Status Code : undefined  - Error : Incorrect date value: '20-12-2023' for column 'ShiftDate' at row 1
2023-12-15T11:59:26.447Z [test] info: listening on port 5006
2023-12-15T11:59:53.998Z [test] error: Status Code : undefined  - Error : Incorrect date value: '20-12-2023' for column 'ShiftDate' at row 1
2023-12-15T12:00:16.657Z [test] error: Error fetching first query data: Incorrect DATE value: 'undefined-undefined-'
2023-12-15T12:00:17.069Z [test] error: Incorrect DATE value: 'undefined-undefined-'
2023-12-15T12:01:21.332Z [test] info: listening on port 5006
2023-12-15T12:01:24.504Z [test] error: Status Code : undefined  - Error : Incorrect date value: '21-12-2023' for column 'ShiftDate' at row 1
2023-12-15T12:02:00.075Z [test] info: listening on port 5006
2023-12-15T12:02:09.839Z [test] error: Error fetching first query data: Incorrect DATE value: 'undefined-undefined-'
2023-12-15T12:02:10.968Z [test] error: Incorrect DATE value: 'undefined-undefined-'
2023-12-15T12:02:23.946Z [test] info: listening on port 5006
2023-12-15T12:02:26.539Z [test] info: listening on port 5006
2023-12-15T12:02:30.823Z [test] error: Status Code : undefined  - Error : Invalid time value
2023-12-15T12:03:25.600Z [test] info: listening on port 5006
2023-12-15T12:04:11.993Z [test] info: listening on port 5006
2023-12-15T12:05:50.162Z [test] info: listening on port 5006
2023-12-15T12:05:52.497Z [test] error: Error fetching first query data: Incorrect DATE value: 'undefined-undefined-'
2023-12-15T12:05:53.321Z [test] error: Incorrect DATE value: 'undefined-undefined-'
2023-12-15T12:06:14.486Z [test] error: Status Code : undefined  - Error : Invalid time value
2023-12-15T12:06:50.110Z [test] info: listening on port 5006
2023-12-15T12:06:52.175Z [test] error: Error fetching first query data: Incorrect DATE value: 'undefined-undefined-'
2023-12-15T12:06:53.387Z [test] error: Incorrect DATE value: 'undefined-undefined-'
2023-12-15T12:06:58.907Z [test] info: listening on port 5006
2023-12-15T12:07:13.069Z [test] error: Status Code : undefined  - Error : Incorrect date value: '22-12-2023' for column 'ShiftDate' at row 1
2023-12-15T12:09:15.233Z [test] info: listening on port 5006
2023-12-15T12:09:51.972Z [test] error: Error fetching first query data: Incorrect DATE value: 'undefined-undefined-'
2023-12-15T12:09:53.168Z [test] error: Incorrect DATE value: 'undefined-undefined-'
2023-12-15T12:10:12.901Z [test] error: Status Code : undefined  - Error : Incorrect date value: 'Invalid Date' for column 'ShiftDate' at row 1
2023-12-15T12:11:30.002Z [test] info: listening on port 5006
2023-12-15T12:11:32.523Z [test] info: listening on port 5006
2023-12-15T12:11:35.788Z [test] info: listening on port 5006
2023-12-15T12:11:40.753Z [test] error: Error fetching first query data: Incorrect DATE value: 'undefined-undefined-'
2023-12-15T12:11:41.862Z [test] error: Incorrect DATE value: 'undefined-undefined-'
2023-12-15T12:11:48.640Z [test] info: listening on port 5006
2023-12-15T12:12:05.218Z [test] error: Status Code : undefined  - Error : formattedShiftDate is not defined
2023-12-15T12:13:21.418Z [test] info: listening on port 5006
2023-12-15T12:13:26.920Z [test] info: listening on port 5006
2023-12-15T12:13:27.857Z [test] info: listening on port 5006
2023-12-15T12:13:30.960Z [test] info: listening on port 5006
2023-12-15T12:13:34.841Z [test] info: listening on port 5006
2023-12-15T12:13:49.106Z [test] info: listening on port 5006
2023-12-15T12:14:14.649Z [test] error: Error fetching first query data: Incorrect DATE value: 'undefined-undefined-'
2023-12-15T12:14:15.832Z [test] error: Incorrect DATE value: 'undefined-undefined-'
2023-12-15T12:15:26.306Z [test] info: listening on port 5006
2023-12-15T12:18:31.122Z [test] error: Error fetching first query data: Incorrect DATE value: 'undefined-undefined-'
2023-12-15T12:18:32.571Z [test] error: Incorrect DATE value: 'undefined-undefined-'
2023-12-15T12:19:42.878Z [test] error: Status Code : undefined  - Error : Incorrect datetime value: '' for column 'FromTime' at row 1
2023-12-15T12:22:51.093Z [test] info: listening on port 5006
