2023-12-18T04:56:36.140Z [test] info: Login Success - akash1
2023-12-18T05:04:07.550Z [test] error: Error fetching first query data: Incorrect DATE value: 'undefined-undefined-'
2023-12-18T05:04:07.836Z [test] error: Incorrect DATE value: 'undefined-undefined-'
2023-12-18T05:08:00.730Z [test] error: Error fetching first query data: Incorrect DATE value: 'undefined-undefined-'
2023-12-18T05:08:00.937Z [test] error: Incorrect DATE value: 'undefined-undefined-'
2023-12-18T05:08:10.513Z [test] error: Status Code : undefined  - Error : Incorrect datetime value: '' for column 'FromTime' at row 1
2023-12-18T05:08:53.134Z [test] error: Status Code : undefined  - Error : Incorrect datetime value: '' for column 'FromTime' at row 1
2023-12-18T05:09:02.866Z [test] info: listening on port 5006
2023-12-18T05:09:33.291Z [test] error: Error fetching first query data: Incorrect DATE value: 'undefined-undefined-'
2023-12-18T05:09:33.993Z [test] error: Incorrect DATE value: 'undefined-undefined-'
2023-12-18T05:09:39.944Z [test] error: Status Code : undefined  - Error : Incorrect datetime value: '' for column 'FromTime' at row 1
2023-12-18T05:11:20.020Z [test] error: Status Code : undefined  - Error : Incorrect datetime value: '' for column 'FromTime' at row 1
2023-12-18T05:12:25.320Z [test] error: Status Code : undefined  - Error : Incorrect datetime value: '' for column 'FromTime' at row 1
2023-12-18T05:13:35.379Z [test] error: Status Code : undefined  - Error : Incorrect datetime value: '' for column 'FromTime' at row 1
2023-12-18T05:14:21.357Z [test] error: Status Code : undefined  - Error : Incorrect datetime value: '' for column 'FromTime' at row 1
2023-12-18T05:14:41.338Z [test] error: Status Code : undefined  - Error : Incorrect datetime value: '' for column 'FromTime' at row 1
2023-12-18T05:14:56.287Z [test] error: Status Code : undefined  - Error : Incorrect datetime value: '' for column 'FromTime' at row 1
2023-12-18T05:15:08.218Z [test] error: Status Code : undefined  - Error : Incorrect datetime value: '' for column 'FromTime' at row 1
2023-12-18T05:15:51.373Z [test] error: Error fetching first query data: Incorrect DATE value: 'undefined-undefined-'
2023-12-18T05:15:52.040Z [test] error: Incorrect DATE value: 'undefined-undefined-'
2023-12-18T05:16:42.611Z [test] info: listening on port 5006
2023-12-18T05:17:24.819Z [test] error: Error fetching first query data: Incorrect DATE value: 'undefined-undefined-'
2023-12-18T05:17:25.423Z [test] error: Incorrect DATE value: 'undefined-undefined-'
2023-12-18T05:20:00.181Z [test] info: Login Success - akash1
2023-12-18T05:20:21.767Z [test] error: Error fetching first query data: Incorrect DATE value: 'undefined-undefined-'
2023-12-18T05:20:22.512Z [test] error: Incorrect DATE value: 'undefined-undefined-'
2023-12-18T05:20:45.672Z [test] error: Unknown column 'undefined' in 'where clause'
