2024-05-28T04:42:35.077Z [test] info: listening on port 5006
2024-05-28T04:49:16.662Z [test] error: Error fetching first query data: Incorrect DATE value: 'undefined-undefined-'
2024-05-28T04:49:17.315Z [test] error: Incorrect DATE value: 'undefined-undefined-'
2024-05-28T04:49:33.635Z [test] error: Error fetching first query data: Incorrect DATE value: 'undefined-undefined-'
2024-05-28T04:49:35.356Z [test] error: Incorrect DATE value: 'undefined-undefined-'
2024-05-28T04:56:50.459Z [test] error: Error fetching first query data: Incorrect DATE value: 'undefined-undefined-'
2024-05-28T04:56:51.059Z [test] error: Incorrect DATE value: 'undefined-undefined-'
2024-05-28T04:58:18.073Z [test] error: Error fetching first query data: Incorrect DATE value: 'undefined-undefined-'
2024-05-28T04:58:18.278Z [test] error: Incorrect DATE value: 'undefined-undefined-'
2024-05-28T05:01:51.672Z [test] info: listening on port 5006
2024-05-28T05:01:51.808Z [test] error: Error fetching first query data: Incorrect DATE value: 'undefined-undefined-'
2024-05-28T05:01:53.900Z [test] error: Incorrect DATE value: 'undefined-undefined-'
2024-05-28T05:02:03.590Z [test] info: listening on port 5006
2024-05-28T05:02:03.800Z [test] error: Error fetching first query data: Incorrect DATE value: 'undefined-undefined-'
2024-05-28T05:02:05.895Z [test] error: Incorrect DATE value: 'undefined-undefined-'
2024-05-28T05:02:25.972Z [test] info: listening on port 5006
2024-05-28T05:02:37.001Z [test] error: Error fetching first query data: Incorrect DATE value: 'undefined-undefined-'
2024-05-28T05:02:37.943Z [test] error: Incorrect DATE value: 'undefined-undefined-'
2024-05-28T05:03:25.441Z [test] error: Error fetching first query data: Incorrect DATE value: 'undefined-undefined-'
2024-05-28T05:03:26.441Z [test] error: Incorrect DATE value: 'undefined-undefined-'
2024-05-28T05:03:46.495Z [test] info: listening on port 5006
2024-05-28T05:03:53.087Z [test] error: Error fetching first query data: Incorrect DATE value: 'undefined-undefined-'
2024-05-28T05:03:55.188Z [test] error: Incorrect DATE value: 'undefined-undefined-'
2024-05-28T05:05:31.750Z [test] info: listening on port 5006
2024-05-28T05:09:16.758Z [test] info: listening on port 5006
2024-05-28T05:09:55.679Z [test] info: listening on port 5006
2024-05-28T05:10:05.035Z [test] info: listening on port 5006
2024-05-28T05:10:11.586Z [test] info: listening on port 5006
2024-05-28T05:12:21.751Z [test] info: listening on port 5006
2024-05-28T05:12:29.594Z [test] error: Incorrect DATE value: 'undefined'
2024-05-28T05:12:29.597Z [test] error: Status Code : undefined  - Error : Incorrect DATE value: 'undefined'
2024-05-28T05:12:29.632Z [test] error: Error fetching first query data: Incorrect DATE value: 'undefined-undefined-'
2024-05-28T05:12:29.726Z [test] error: Incorrect DATE value: 'undefined'
2024-05-28T05:12:29.728Z [test] error: Status Code : undefined  - Error : Incorrect DATE value: 'undefined'
2024-05-28T05:12:31.682Z [test] error: Incorrect DATE value: 'undefined-undefined-'
2024-05-28T05:13:10.857Z [test] info: listening on port 5006
2024-05-28T05:14:57.744Z [test] info: listening on port 5006
2024-05-28T05:15:41.347Z [test] info: listening on port 5006
2024-05-28T05:15:48.489Z [test] error: Database error: Incorrect DATE value: 'undefined'
2024-05-28T05:15:48.494Z [test] error: Status Code : undefined  - Error : Incorrect DATE value: 'undefined'
2024-05-28T05:15:48.533Z [test] error: Error fetching first query data: Incorrect DATE value: 'undefined-undefined-'
2024-05-28T05:15:48.535Z [test] error: Database error: Incorrect DATE value: 'undefined'
2024-05-28T05:15:48.538Z [test] error: Status Code : undefined  - Error : Incorrect DATE value: 'undefined'
2024-05-28T05:15:50.592Z [test] error: Incorrect DATE value: 'undefined-undefined-'
2024-05-28T05:16:21.311Z [test] info: listening on port 5006
2024-05-28T05:16:42.613Z [test] info: listening on port 5006
2024-05-28T05:16:51.831Z [test] error: Database error: Incorrect DATE value: 'undefined'
2024-05-28T05:16:51.840Z [test] error: Status Code : undefined  - Error : Incorrect DATE value: 'undefined'
2024-05-28T05:16:51.841Z [test] error: Error fetching first query data: Incorrect DATE value: 'undefined-undefined-'
2024-05-28T05:16:52.008Z [test] error: Database error: Incorrect DATE value: 'undefined'
2024-05-28T05:16:52.010Z [test] error: Status Code : undefined  - Error : Incorrect DATE value: 'undefined'
2024-05-28T05:16:52.119Z [test] error: Incorrect DATE value: 'undefined-undefined-'
2024-05-28T05:19:16.311Z [test] info: listening on port 5006
2024-05-28T05:19:22.213Z [test] info: listening on port 5006
2024-05-28T05:19:39.471Z [test] info: listening on port 5006
2024-05-28T05:20:34.656Z [test] info: listening on port 5006
2024-05-28T05:22:24.752Z [test] info: listening on port 5006
2024-05-28T05:22:32.487Z [test] error: Database error: Incorrect DATE value: 'undefined'
2024-05-28T05:22:32.494Z [test] error: Status Code : undefined  - Error : Incorrect DATE value: 'undefined'
2024-05-28T05:22:32.495Z [test] error: Error fetching first query data: Incorrect DATE value: 'undefined-undefined-'
2024-05-28T05:22:32.564Z [test] error: Database error: Incorrect DATE value: 'undefined'
2024-05-28T05:22:32.567Z [test] error: Status Code : undefined  - Error : Incorrect DATE value: 'undefined'
2024-05-28T05:22:34.627Z [test] error: Incorrect DATE value: 'undefined-undefined-'
2024-05-28T05:22:43.174Z [test] error: Database error: Incorrect DATE value: 'undefined'
2024-05-28T05:22:43.177Z [test] error: Status Code : undefined  - Error : Incorrect DATE value: 'undefined'
2024-05-28T05:22:43.178Z [test] error: Error fetching first query data: Incorrect DATE value: 'undefined-undefined-'
2024-05-28T05:22:43.279Z [test] error: Database error: Incorrect DATE value: 'undefined'
2024-05-28T05:22:43.282Z [test] error: Status Code : undefined  - Error : Incorrect DATE value: 'undefined'
2024-05-28T05:22:44.718Z [test] error: Incorrect DATE value: 'undefined-undefined-'
2024-05-28T05:23:03.077Z [test] info: listening on port 5006
2024-05-28T05:25:00.649Z [test] error: Database error: Incorrect DATE value: 'undefined'
2024-05-28T05:25:00.661Z [test] error: Status Code : undefined  - Error : Incorrect DATE value: 'undefined'
2024-05-28T05:25:00.667Z [test] error: Error fetching first query data: Incorrect DATE value: 'undefined-undefined-'
2024-05-28T05:25:00.695Z [test] error: Database error: Incorrect DATE value: 'undefined'
2024-05-28T05:25:00.698Z [test] error: Status Code : undefined  - Error : Incorrect DATE value: 'undefined'
2024-05-28T05:25:00.875Z [test] error: Incorrect DATE value: 'undefined-undefined-'
2024-05-28T05:25:08.716Z [test] info: listening on port 5006
2024-05-28T05:25:18.650Z [test] error: Error fetching first query data: Incorrect DATE value: 'undefined-undefined-'
2024-05-28T05:25:20.828Z [test] error: Incorrect DATE value: 'undefined-undefined-'
2024-05-28T05:26:36.751Z [test] info: listening on port 5006
2024-05-28T05:26:40.733Z [test] info: listening on port 5006
2024-05-28T05:27:23.348Z [test] info: listening on port 5006
2024-05-28T05:27:32.071Z [test] error: Error fetching first query data: Incorrect DATE value: 'undefined-undefined-'
2024-05-28T05:27:34.134Z [test] error: Incorrect DATE value: 'undefined-undefined-'
2024-05-28T05:27:50.152Z [test] info: listening on port 5006
2024-05-28T05:28:04.534Z [test] info: listening on port 5006
2024-05-28T05:28:31.654Z [test] info: listening on port 5006
2024-05-28T05:28:37.146Z [test] info: listening on port 5006
2024-05-28T05:28:48.980Z [test] info: listening on port 5006
2024-05-28T05:28:56.634Z [test] info: listening on port 5006
2024-05-28T05:29:00.893Z [test] error: Error fetching first query data: Incorrect DATE value: 'undefined-undefined-'
2024-05-28T05:29:02.950Z [test] error: Incorrect DATE value: 'undefined-undefined-'
