2024-04-05T05:32:23.445Z [test] info: listening on port 5006
2024-04-05T05:40:05.386Z [test] info: listening on port 5006
2024-04-05T05:40:16.774Z [test] info: listening on port 5006
2024-04-05T05:46:28.027Z [test] info: listening on port 5006
2024-04-05T05:47:30.491Z [test] info: listening on port 5006
2024-04-05T05:47:32.669Z [test] error: You have an error in your SQL syntax; check the manual that corresponds to your MySQL server version for the right syntax to use near ''100' at line 5
2024-04-05T05:47:46.352Z [test] info: listening on port 5006
2024-04-05T05:47:50.537Z [test] error: You have an error in your SQL syntax; check the manual that corresponds to your MySQL server version for the right syntax to use near ''100' at line 5
2024-04-05T05:48:00.933Z [test] info: listening on port 5006
2024-04-05T05:48:02.187Z [test] error: Unknown column 's1.TaskNo' in 'where clause'
2024-04-05T05:48:36.939Z [test] info: listening on port 5006
2024-04-05T05:49:02.392Z [test] error: Unknown column 's1.TaskNo' in 'where clause'
2024-04-05T05:55:08.502Z [test] info: listening on port 5006
2024-04-05T06:04:02.900Z [test] info: listening on port 5006
2024-04-05T06:04:16.370Z [test] info: listening on port 5006
2024-04-05T06:04:20.615Z [test] info: listening on port 5006
2024-04-05T06:04:46.450Z [test] info: listening on port 5006
2024-04-05T06:05:21.355Z [test] info: listening on port 5006
2024-04-05T06:06:14.989Z [test] error: Unknown column 'undefined' in 'where clause'
2024-04-05T06:07:01.375Z [test] error: Unknown column 'undefined' in 'where clause'
2024-04-05T06:09:35.309Z [test] error: Unknown column 'undefined' in 'where clause'
2024-04-05T06:15:45.862Z [test] error: Error fetching first query data: Incorrect DATE value: 'undefined-undefined-'
2024-04-05T06:15:46.071Z [test] error: Incorrect DATE value: 'undefined-undefined-'
2024-04-05T06:16:09.655Z [test] error: Error fetching first query data: Incorrect DATE value: 'undefined-undefined-'
2024-04-05T06:16:09.808Z [test] error: Incorrect DATE value: 'undefined-undefined-'
2024-04-05T06:24:03.319Z [test] error: Unknown column 'undefined' in 'where clause'
2024-04-05T06:27:41.574Z [test] info: listening on port 5006
2024-04-05T06:27:42.267Z [test] error: Error fetching first query data: Incorrect DATE value: 'undefined-undefined-'
2024-04-05T06:27:44.065Z [test] error: Incorrect DATE value: 'undefined-undefined-'
2024-04-05T06:28:18.663Z [test] info: listening on port 5006
2024-04-05T06:29:11.320Z [test] info: listening on port 5006
2024-04-05T06:29:29.592Z [test] info: listening on port 5006
