2024-09-16T09:43:11.772Z [test] error: Unknown column 'usr.Password' in 'field list'
2024-09-16T09:47:59.197Z [test] error: Unknown column 'usr.Password' in 'field list'
2024-09-16T09:57:30.844Z [test] error: Database error: Incorrect DATE value: 'undefined-undefined-'
2024-09-16T09:57:30.857Z [test] error: Status Code : undefined  - Error : Incorrect DATE value: 'undefined-undefined-'
2024-09-16T09:57:31.034Z [test] error: Error fetching first query data: Incorrect DATE value: 'undefined-undefined-'
2024-09-16T09:57:31.408Z [test] error: Incorrect DATE value: 'undefined-undefined-'
2024-09-16T09:59:11.970Z [test] error: Database error: Incorrect DATE value: 'undefined-undefined-'
2024-09-16T09:59:12.006Z [test] error: Status Code : undefined  - Error : Incorrect DATE value: 'undefined-undefined-'
2024-09-16T09:59:12.021Z [test] error: Error fetching first query data: Incorrect DATE value: 'undefined-undefined-'
2024-09-16T09:59:12.301Z [test] error: Incorrect DATE value: 'undefined-undefined-'
2024-09-16T10:02:49.459Z [test] error: Database error: Incorrect DATE value: 'undefined-undefined-'
2024-09-16T10:02:49.499Z [test] error: Status Code : undefined  - Error : Incorrect DATE value: 'undefined-undefined-'
2024-09-16T10:02:49.510Z [test] error: Error fetching first query data: Incorrect DATE value: 'undefined-undefined-'
2024-09-16T10:02:49.903Z [test] error: Incorrect DATE value: 'undefined-undefined-'
2024-09-16T10:07:10.563Z [test] error: Database error: Incorrect DATE value: 'undefined-undefined-'
2024-09-16T10:07:10.630Z [test] error: Status Code : undefined  - Error : Incorrect DATE value: 'undefined-undefined-'
2024-09-16T10:07:10.646Z [test] error: Error fetching first query data: Incorrect DATE value: 'undefined-undefined-'
2024-09-16T10:07:10.988Z [test] error: Incorrect DATE value: 'undefined-undefined-'
2024-09-16T10:10:57.951Z [test] error: Database error: Incorrect DATE value: 'undefined-undefined-'
2024-09-16T10:10:57.984Z [test] error: Status Code : undefined  - Error : Incorrect DATE value: 'undefined-undefined-'
2024-09-16T10:10:58.027Z [test] error: Error fetching first query data: Incorrect DATE value: 'undefined-undefined-'
2024-09-16T10:10:58.263Z [test] error: Incorrect DATE value: 'undefined-undefined-'
2024-09-16T10:12:18.351Z [test] error: Database error: Incorrect DATE value: 'undefined-undefined-'
2024-09-16T10:12:18.368Z [test] error: Status Code : undefined  - Error : Incorrect DATE value: 'undefined-undefined-'
2024-09-16T10:12:18.371Z [test] error: Error fetching first query data: Incorrect DATE value: 'undefined-undefined-'
2024-09-16T10:12:18.554Z [test] error: Incorrect DATE value: 'undefined-undefined-'
2024-09-16T10:13:28.648Z [test] error: Database error: Incorrect DATE value: 'undefined-undefined-'
2024-09-16T10:13:28.702Z [test] error: Status Code : undefined  - Error : Incorrect DATE value: 'undefined-undefined-'
2024-09-16T10:13:28.775Z [test] error: Error fetching first query data: Incorrect DATE value: 'undefined-undefined-'
2024-09-16T10:13:29.091Z [test] error: Incorrect DATE value: 'undefined-undefined-'
