2024-05-17T11:30:08.926Z [test] info: listening on port 5006
2024-05-17T11:32:13.438Z [test] info: listening on port 5006
2024-05-17T11:33:42.210Z [test] info: listening on port 5006
2024-05-17T11:43:30.483Z [test] info: listening on port 5006
2024-05-17T11:45:56.474Z [test] info: listening on port 5006
2024-05-17T11:47:21.779Z [test] info: listening on port 5006
2024-05-17T11:47:56.467Z [test] info: listening on port 5006
2024-05-17T11:49:32.916Z [test] info: listening on port 5006
2024-05-17T11:49:34.288Z [test] info: listening on port 5006
2024-05-17T11:49:42.189Z [test] info: listening on port 5006
2024-05-17T11:49:57.933Z [test] info: listening on port 5006
2024-05-17T11:51:27.255Z [test] info: listening on port 5006
2024-05-17T11:52:03.617Z [test] info: listening on port 5006
2024-05-17T11:52:19.309Z [test] info: listening on port 5006
2024-05-17T11:54:02.135Z [test] info: listening on port 5006
2024-05-17T11:54:59.611Z [test] info: listening on port 5006
2024-05-17T11:55:37.040Z [test] error: Unknown column 'undefined' in 'where clause'
2024-05-17T11:56:56.841Z [test] info: listening on port 5006
2024-05-17T11:58:38.433Z [test] info: listening on port 5006
2024-05-17T12:00:23.602Z [test] info: listening on port 5006
2024-05-17T12:01:16.626Z [test] info: listening on port 5006
2024-05-17T12:08:02.569Z [test] error: Error fetching first query data: Incorrect DATE value: 'undefined-undefined-'
2024-05-17T12:08:02.627Z [test] error: Incorrect DATE value: 'undefined-undefined-'
2024-05-17T12:08:14.557Z [test] info: listening on port 5006
2024-05-17T12:11:43.295Z [test] error: Unknown column 'undefined' in 'where clause'
2024-05-17T12:14:15.163Z [test] error: Incorrect DATE value: 'undefined-undefined-'
2024-05-17T12:14:15.191Z [test] error: Error fetching first query data: Incorrect DATE value: 'undefined-undefined-'
2024-05-17T12:16:24.519Z [test] info: listening on port 5006
2024-05-17T12:16:35.145Z [test] error: Error fetching first query data: Incorrect DATE value: 'undefined-undefined-'
2024-05-17T12:16:35.985Z [test] error: Incorrect DATE value: 'undefined-undefined-'
2024-05-17T12:18:52.844Z [test] info: listening on port 5006
2024-05-17T12:21:30.557Z [test] info: listening on port 5006
2024-05-17T12:21:35.544Z [test] error: You have an error in your SQL syntax; check the manual that corresponds to your MySQL server version for the right syntax to use near 'ORDER BY ScheduleId DESC' at line 6
2024-05-17T12:21:37.469Z [test] error: You have an error in your SQL syntax; check the manual that corresponds to your MySQL server version for the right syntax to use near 'ORDER BY ScheduleId DESC' at line 6
2024-05-17T12:22:11.768Z [test] info: listening on port 5006
2024-05-17T12:23:27.829Z [test] info: listening on port 5006
2024-05-17T12:23:40.241Z [test] info: listening on port 5006
2024-05-17T12:24:10.092Z [test] info: listening on port 5006
2024-05-17T12:25:32.986Z [test] error: Status Code : undefined  - Error : Cannot read properties of undefined (reading 'MachineName')
2024-05-17T12:27:33.704Z [test] info: listening on port 5006
2024-05-17T12:27:51.215Z [test] info: listening on port 5006
2024-05-17T12:28:01.037Z [test] error: Status Code : undefined  - Error : Cannot read properties of undefined (reading 'MachineName')
2024-05-17T12:28:37.634Z [test] info: listening on port 5006
